<?xml version="1.0" encoding="UTF-8"?>
<!-- Generated by org.testng.reporters.JUnitReportReporter -->
<testsuite hostname="fenglujie-ThinkPad-L440" name="com.test.TestngTest" tests="1" failures="0" timestamp="2 Jul 2015 13:58:34 GMT" time="0.014" errors="0">
  <testcase name="sayHello" time="0.014" classname="com.test.TestngTest"/>
</testsuite> <!-- com.test.TestngTest -->
