<?xml version="1.0" encoding="UTF-8"?>
<!-- Generated by org.testng.reporters.JUnitReportReporter -->
<testsuite hostname="fenglujie-ThinkPad-L440" name="com.test.TestngTest" tests="1" failures="0" timestamp="3 Jul 2015 01:09:08 GMT" time="0.006" errors="0">
  <testcase name="sayHello" time="0.006" classname="com.test.TestngTest"/>
</testsuite> <!-- com.test.TestngTest -->
